{"/mnt/c/Users/marti/src/here-maps-typescript/src/external.module.tsx": {"path":"/mnt/c/Users/marti/src/here-maps-typescript/src/external.module.tsx","statementMap":{"0":{"start":{"line":9,"column":0},"end":{"line":9,"column":null}},"1":{"start":{"line":11,"column":10},"end":{"line":11,"column":null}},"2":{"start":{"line":12,"column":12},"end":{"line":12,"column":35}},"3":{"start":{"line":17,"column":9},"end":{"line":19,"column":null}},"4":{"start":{"line":18,"column":4},"end":{"line":18,"column":null}},"5":{"start":{"line":18,"column":62},"end":{"line":18,"column":79}},"6":{"start":{"line":21,"column":9},"end":{"line":27,"column":null}},"7":{"start":{"line":22,"column":4},"end":{"line":24,"column":null}},"8":{"start":{"line":23,"column":6},"end":{"line":23,"column":null}},"9":{"start":{"line":25,"column":4},"end":{"line":25,"column":null}},"10":{"start":{"line":26,"column":4},"end":{"line":26,"column":16}},"11":{"start":{"line":29,"column":15},"end":{"line":35,"column":null}},"12":{"start":{"line":30,"column":18},"end":{"line":30,"column":null}},"13":{"start":{"line":30,"column":8},"end":{"line":30,"column":null}},"14":{"start":{"line":31,"column":4},"end":{"line":33,"column":17}},"15":{"start":{"line":32,"column":6},"end":{"line":32,"column":25}},"16":{"start":{"line":34,"column":4},"end":{"line":34,"column":19}},"17":{"start":{"line":37,"column":15},"end":{"line":48,"column":null}},"18":{"start":{"line":38,"column":4},"end":{"line":40,"column":null}},"19":{"start":{"line":38,"column":44},"end":{"line":40,"column":6}},"20":{"start":{"line":39,"column":6},"end":{"line":39,"column":null}},"21":{"start":{"line":41,"column":4},"end":{"line":43,"column":null}},"22":{"start":{"line":42,"column":6},"end":{"line":42,"column":12}},"23":{"start":{"line":44,"column":18},"end":{"line":44,"column":null}},"24":{"start":{"line":44,"column":8},"end":{"line":44,"column":null}},"25":{"start":{"line":45,"column":4},"end":{"line":47,"column":null}},"26":{"start":{"line":46,"column":6},"end":{"line":46,"column":32}},"27":{"start":{"line":50,"column":9},"end":{"line":52,"column":null}},"28":{"start":{"line":51,"column":4},"end":{"line":51,"column":null}},"29":{"start":{"line":51,"column":81},"end":{"line":51,"column":107}},"30":{"start":{"line":53,"column":0},"end":{"line":53,"column":null}},"31":{"start":{"line":55,"column":0},"end":{"line":55,"column":null}},"32":{"start":{"line":55,"column":34},"end":{"line":55,"column":48}},"33":{"start":{"line":57,"column":42},"end":{"line":57,"column":81}},"34":{"start":{"line":57,"column":81},"end":{"line":57,"column":null}},"35":{"start":{"line":58,"column":4},"end":{"line":58,"column":null}},"36":{"start":{"line":57,"column":22},"end":{"line":57,"column":32}},"37":{"start":{"line":57,"column":42},"end":{"line":57,"column":71}},"38":{"start":{"line":57,"column":81},"end":{"line":57,"column":103}},"39":{"start":{"line":61,"column":18},"end":{"line":67,"column":null}},"40":{"start":{"line":62,"column":10},"end":{"line":62,"column":null}},"41":{"start":{"line":63,"column":6},"end":{"line":63,"column":null}},"42":{"start":{"line":64,"column":6},"end":{"line":64,"column":null}},"43":{"start":{"line":65,"column":6},"end":{"line":65,"column":null}},"44":{"start":{"line":66,"column":6},"end":{"line":66,"column":null}},"45":{"start":{"line":69,"column":9},"end":{"line":71,"column":null}},"46":{"start":{"line":70,"column":4},"end":{"line":70,"column":null}},"47":{"start":{"line":72,"column":0},"end":{"line":72,"column":null}},"48":{"start":{"line":55,"column":13},"end":{"line":55,"column":25}},"49":{"start":{"line":74,"column":0},"end":{"line":74,"column":null}},"50":{"start":{"line":74,"column":32},"end":{"line":74,"column":46}},"51":{"start":{"line":76,"column":43},"end":{"line":76,"column":75}},"52":{"start":{"line":76,"column":75},"end":{"line":76,"column":null}},"53":{"start":{"line":77,"column":4},"end":{"line":77,"column":null}},"54":{"start":{"line":76,"column":22},"end":{"line":76,"column":33}},"55":{"start":{"line":76,"column":43},"end":{"line":76,"column":65}},"56":{"start":{"line":76,"column":75},"end":{"line":76,"column":97}},"57":{"start":{"line":80,"column":18},"end":{"line":86,"column":null}},"58":{"start":{"line":81,"column":10},"end":{"line":81,"column":null}},"59":{"start":{"line":82,"column":6},"end":{"line":82,"column":null}},"60":{"start":{"line":83,"column":6},"end":{"line":83,"column":null}},"61":{"start":{"line":84,"column":6},"end":{"line":84,"column":null}},"62":{"start":{"line":85,"column":6},"end":{"line":85,"column":null}},"63":{"start":{"line":88,"column":9},"end":{"line":90,"column":null}},"64":{"start":{"line":89,"column":4},"end":{"line":89,"column":null}},"65":{"start":{"line":91,"column":0},"end":{"line":91,"column":null}},"66":{"start":{"line":74,"column":13},"end":{"line":74,"column":23}}},"fnMap":{"0":{"name":"(anonymous_19)","decl":{"start":{"line":9,"column":0},"end":{"line":9,"column":null}},"loc":{"start":{"line":9,"column":0},"end":{"line":53,"column":null}}},"1":{"name":"(anonymous_21)","decl":{"start":{"line":17,"column":2},"end":{"line":17,"column":9}},"loc":{"start":{"line":17,"column":2},"end":{"line":19,"column":3}}},"2":{"name":"(anonymous_22)","decl":{"start":{"line":18,"column":50},"end":{"line":18,"column":51}},"loc":{"start":{"line":18,"column":57},"end":{"line":18,"column":68}}},"3":{"name":"(anonymous_23)","decl":{"start":{"line":21,"column":2},"end":{"line":21,"column":9}},"loc":{"start":{"line":21,"column":32},"end":{"line":27,"column":3}}},"4":{"name":"(anonymous_24)","decl":{"start":{"line":29,"column":2},"end":{"line":29,"column":15}},"loc":{"start":{"line":29,"column":2},"end":{"line":35,"column":null}}},"5":{"name":"(anonymous_27)","decl":{"start":{"line":31,"column":21},"end":{"line":31,"column":null}},"loc":{"start":{"line":31,"column":21},"end":{"line":33,"column":5}}},"6":{"name":"(anonymous_28)","decl":{"start":{"line":37,"column":2},"end":{"line":37,"column":15}},"loc":{"start":{"line":37,"column":37},"end":{"line":48,"column":null}}},"7":{"name":"(anonymous_31)","decl":{"start":{"line":38,"column":31},"end":{"line":38,"column":38}},"loc":{"start":{"line":38,"column":44},"end":{"line":40,"column":6}}},"8":{"name":"(anonymous_32)","decl":{"start":{"line":38,"column":44},"end":{"line":38,"column":null}},"loc":{"start":{"line":38,"column":44},"end":{"line":40,"column":6}}},"9":{"name":"(anonymous_34)","decl":{"start":{"line":50,"column":2},"end":{"line":50,"column":9}},"loc":{"start":{"line":50,"column":36},"end":{"line":52,"column":3}}},"10":{"name":"(anonymous_35)","decl":{"start":{"line":51,"column":72},"end":{"line":51,"column":73}},"loc":{"start":{"line":51,"column":76},"end":{"line":51,"column":84}}},"11":{"name":"(anonymous_36)","decl":{"start":{"line":55,"column":0},"end":{"line":55,"column":13}},"loc":{"start":{"line":55,"column":0},"end":{"line":72,"column":null}}},"12":{"name":"SourceScript","decl":{"start":{"line":57,"column":2},"end":{"line":57,"column":22}},"loc":{"start":{"line":57,"column":103},"end":{"line":59,"column":3}}},"13":{"name":"(anonymous_38)","decl":{"start":{"line":61,"column":2},"end":{"line":61,"column":18}},"loc":{"start":{"line":61,"column":2},"end":{"line":67,"column":null}}},"14":{"name":"(anonymous_41)","decl":{"start":{"line":69,"column":2},"end":{"line":69,"column":9}},"loc":{"start":{"line":69,"column":2},"end":{"line":71,"column":3}}},"15":{"name":"(anonymous_42)","decl":{"start":{"line":74,"column":0},"end":{"line":74,"column":13}},"loc":{"start":{"line":74,"column":0},"end":{"line":91,"column":null}}},"16":{"name":"SourceLink","decl":{"start":{"line":76,"column":2},"end":{"line":76,"column":22}},"loc":{"start":{"line":76,"column":97},"end":{"line":78,"column":3}}},"17":{"name":"(anonymous_44)","decl":{"start":{"line":80,"column":2},"end":{"line":80,"column":18}},"loc":{"start":{"line":80,"column":2},"end":{"line":86,"column":null}}},"18":{"name":"(anonymous_47)","decl":{"start":{"line":88,"column":2},"end":{"line":88,"column":9}},"loc":{"start":{"line":88,"column":2},"end":{"line":90,"column":3}}}},"branchMap":{"0":{"loc":{"start":{"line":18,"column":11},"end":{"line":18,"column":22}},"type":"binary-expr","locations":[{"start":{"line":18,"column":11},"end":{"line":18,"column":22}},{"start":{"line":18,"column":26},"end":{"line":18,"column":79}}]},"1":{"loc":{"start":{"line":22,"column":4},"end":{"line":24,"column":null}},"type":"if","locations":[{"start":{"line":22,"column":4},"end":{"line":24,"column":null}},{"start":{"line":22,"column":4},"end":{"line":24,"column":null}}]},"2":{"loc":{"start":{"line":30,"column":18},"end":{"line":30,"column":null}},"type":"switch","locations":[{"start":{"line":30,"column":18},"end":{"line":30,"column":null}}]},"3":{"loc":{"start":{"line":39,"column":6},"end":{"line":39,"column":null}},"type":"switch","locations":[{"start":{"line":39,"column":6},"end":{"line":39,"column":null}}]},"4":{"loc":{"start":{"line":41,"column":4},"end":{"line":43,"column":null}},"type":"if","locations":[{"start":{"line":41,"column":4},"end":{"line":43,"column":null}},{"start":{"line":41,"column":4},"end":{"line":43,"column":null}}]},"5":{"loc":{"start":{"line":45,"column":4},"end":{"line":47,"column":null}},"type":"if","locations":[{"start":{"line":45,"column":4},"end":{"line":47,"column":null}},{"start":{"line":45,"column":4},"end":{"line":47,"column":null}}]},"6":{"loc":{"start":{"line":51,"column":11},"end":{"line":51,"column":45}},"type":"binary-expr","locations":[{"start":{"line":51,"column":11},"end":{"line":51,"column":45}},{"start":{"line":51,"column":49},"end":{"line":51,"column":107}}]},"7":{"loc":{"start":{"line":57,"column":42},"end":{"line":57,"column":81}},"type":"if","locations":[{"start":{"line":57,"column":42},"end":{"line":57,"column":81}},{"start":{"line":57,"column":42},"end":{"line":57,"column":81}}]},"8":{"loc":{"start":{"line":57,"column":81},"end":{"line":57,"column":null}},"type":"if","locations":[{"start":{"line":57,"column":81},"end":{"line":57,"column":null}},{"start":{"line":57,"column":81},"end":{"line":57,"column":null}}]},"9":{"loc":{"start":{"line":58,"column":4},"end":{"line":58,"column":11}},"type":"binary-expr","locations":[{"start":{"line":58,"column":4},"end":{"line":58,"column":11}},{"start":{"line":58,"column":11},"end":{"line":58,"column":null}}]},"10":{"loc":{"start":{"line":76,"column":43},"end":{"line":76,"column":75}},"type":"if","locations":[{"start":{"line":76,"column":43},"end":{"line":76,"column":75}},{"start":{"line":76,"column":43},"end":{"line":76,"column":75}}]},"11":{"loc":{"start":{"line":76,"column":75},"end":{"line":76,"column":null}},"type":"if","locations":[{"start":{"line":76,"column":75},"end":{"line":76,"column":null}},{"start":{"line":76,"column":75},"end":{"line":76,"column":null}}]},"12":{"loc":{"start":{"line":77,"column":4},"end":{"line":77,"column":11}},"type":"binary-expr","locations":[{"start":{"line":77,"column":4},"end":{"line":77,"column":11}},{"start":{"line":77,"column":11},"end":{"line":77,"column":null}}]}},"s":{"0":1,"1":10,"2":10,"3":1,"4":8,"5":1,"6":1,"7":4,"8":1,"9":3,"10":3,"11":1,"12":6,"13":6,"14":6,"15":2,"16":6,"17":1,"18":2,"19":1,"20":2,"21":2,"22":0,"23":2,"24":2,"25":2,"26":2,"27":1,"28":4,"29":0,"30":1,"31":1,"32":1,"33":15,"34":15,"35":8,"36":8,"37":8,"38":8,"39":1,"40":5,"41":5,"42":5,"43":5,"44":5,"45":1,"46":1,"47":1,"48":1,"49":1,"50":1,"51":3,"52":3,"53":2,"54":2,"55":2,"56":2,"57":1,"58":1,"59":1,"60":1,"61":1,"62":1,"63":1,"64":2,"65":1,"66":1},"f":{"0":11,"1":8,"2":1,"3":4,"4":6,"5":2,"6":2,"7":1,"8":1,"9":4,"10":0,"11":1,"12":8,"13":5,"14":1,"15":1,"16":2,"17":1,"18":2},"b":{"0":[8,2],"1":[1,3],"2":[6],"3":[1],"4":[0,2],"5":[2,0],"6":[4,3],"7":[7,1],"8":[7,1],"9":[8,8],"10":[1,1],"11":[1,1],"12":[2,2]}}
}
