TN:
SF:/mnt/c/Users/marti/src/here-maps-typescript/src/external.module.tsx
FN:9,(anonymous_19)
FN:17,(anonymous_21)
FN:18,(anonymous_22)
FN:21,(anonymous_23)
FN:29,(anonymous_24)
FN:31,(anonymous_27)
FN:37,(anonymous_28)
FN:38,(anonymous_31)
FN:38,(anonymous_32)
FN:50,(anonymous_34)
FN:51,(anonymous_35)
FN:55,(anonymous_36)
FN:57,SourceScript
FN:61,(anonymous_38)
FN:69,(anonymous_41)
FN:74,(anonymous_42)
FN:76,SourceLink
FN:80,(anonymous_44)
FN:88,(anonymous_47)
FNF:19
FNH:18
FNDA:11,(anonymous_19)
FNDA:8,(anonymous_21)
FNDA:1,(anonymous_22)
FNDA:4,(anonymous_23)
FNDA:6,(anonymous_24)
FNDA:2,(anonymous_27)
FNDA:2,(anonymous_28)
FNDA:1,(anonymous_31)
FNDA:1,(anonymous_32)
FNDA:4,(anonymous_34)
FNDA:0,(anonymous_35)
FNDA:1,(anonymous_36)
FNDA:8,SourceScript
FNDA:5,(anonymous_38)
FNDA:1,(anonymous_41)
FNDA:1,(anonymous_42)
FNDA:2,SourceLink
FNDA:1,(anonymous_44)
FNDA:2,(anonymous_47)
DA:9,1
DA:11,10
DA:12,10
DA:17,1
DA:18,8
DA:21,1
DA:22,4
DA:23,1
DA:25,3
DA:26,3
DA:29,1
DA:30,6
DA:31,6
DA:32,2
DA:34,6
DA:37,1
DA:38,2
DA:39,2
DA:41,2
DA:42,0
DA:44,2
DA:45,2
DA:46,2
DA:50,1
DA:51,4
DA:53,1
DA:55,1
DA:57,15
DA:58,8
DA:61,1
DA:62,5
DA:63,5
DA:64,5
DA:65,5
DA:66,5
DA:69,1
DA:70,1
DA:72,1
DA:74,1
DA:76,3
DA:77,2
DA:80,1
DA:81,1
DA:82,1
DA:83,1
DA:84,1
DA:85,1
DA:88,1
DA:89,2
DA:91,1
LF:50
LH:49
BRDA:18,0,0,8
BRDA:18,0,1,2
BRDA:22,1,0,1
BRDA:22,1,1,3
BRDA:30,2,0,6
BRDA:39,3,0,1
BRDA:41,4,0,0
BRDA:41,4,1,2
BRDA:45,5,0,2
BRDA:45,5,1,0
BRDA:51,6,0,4
BRDA:51,6,1,3
BRDA:57,7,0,7
BRDA:57,7,1,1
BRDA:57,8,0,7
BRDA:57,8,1,1
BRDA:58,9,0,8
BRDA:58,9,1,8
BRDA:76,10,0,1
BRDA:76,10,1,1
BRDA:76,11,0,1
BRDA:76,11,1,1
BRDA:77,12,0,2
BRDA:77,12,1,2
BRF:24
BRH:22
end_of_record
